Starting build at Mon Jan 12 04:27:25 PM WIB 2026

Running Gradle task 'assembleDebug'...                          

FAILURE: Build failed with an exception.

* What went wrong:
Could not determine the dependencies of task ':google_sign_in_android:compileDebugJavaWithJavac'.
> Cannot query the value of this provider because it has no value available.

* Try:
> Run with --stacktrace option to get the stack trace.
> Run with --info or --debug option to get more log output.
> Run with --scan to get full insights.
> Get more help at https://help.gradle.org.

BUILD FAILED in 7s
Running Gradle task 'assembleDebug'...                              8.2s
Gradle task assembleDebug failed with exit code 1
Build finished at Mon Jan 12 04:27:36 PM WIB 2026
