
Running Gradle task 'assembleDebug'...                          

FAILURE: Build failed with an exception.

* What went wrong:
Could not determine the dependencies of task ':google_sign_in_android:compileDebugJavaWithJavac'.
> Could not determine the dependencies of null.
   > Cannot query the value of this provider because it has no value available.

* Try:
> Run with --stacktrace option to get the stack trace.
> Run with --info or --debug option to get more log output.
> Run with --scan to get full insights.
> Get more help at https://help.gradle.org.

BUILD FAILED in 13s
Running Gradle task 'assembleDebug'...                             13.9s
Gradle task assembleDebug failed with exit code 1
